\BOOKMARK [1][-]{Doc-Start}{ABSTRACT}{}% 1
\BOOKMARK [1][-]{Doc-Start}{ACKNOWLEDGEMENT}{}% 2
\BOOKMARK [1][-]{Doc-Start}{LIST OF FIGURES}{}% 3
\BOOKMARK [1][-]{Doc-Start}{LIST OF TABLES}{}% 4
\BOOKMARK [1][-]{Doc-Start}{LIST OF TERMS AND ABBREVIATIONS}{}% 5
\BOOKMARK [0][-]{chapter.1}{Chapter Title}{}% 6
\BOOKMARK [1][-]{section.1.1}{Introduction}{chapter.1}% 7
\BOOKMARK [1][-]{section.1.2}{Ethics Involved}{chapter.1}% 8
\BOOKMARK [1][-]{section.1.3}{Plagiarism}{chapter.1}% 9
\BOOKMARK [0][-]{chapter.2}{Chapter Title}{}% 10
\BOOKMARK [1][-]{section.2.1}{Review of Literature}{chapter.2}% 11
\BOOKMARK [1][-]{section.2.2}{Review Types}{chapter.2}% 12
\BOOKMARK [2][-]{subsection.2.2.1}{Process And Product}{section.2.2}% 13
\BOOKMARK [1][-]{section.2.3}{Page Limitation}{chapter.2}% 14
\BOOKMARK [0][-]{chapter.3}{Chapter Title}{}% 15
\BOOKMARK [1][-]{section.3.1}{Paraphrasing}{chapter.3}% 16
\BOOKMARK [1][-]{section.3.2}{Quotations}{chapter.3}% 17
\BOOKMARK [2][-]{subsection.3.2.1}{Quotation and Reference to Earlier Work}{section.3.2}% 18
\BOOKMARK [2][-]{subsection.3.2.2}{Use of Abbreviations}{section.3.2}% 19
\BOOKMARK [1][-]{section.3.3}{References}{chapter.3}% 20
\BOOKMARK [2][-]{subsection.3.3.1}{Citation Format}{section.3.3}% 21
\BOOKMARK [0][-]{chapter.4}{Chapter Title}{}% 22
\BOOKMARK [1][-]{section.4.1}{Format for Preparation of Synopsis/Thesis / Dissertation}{chapter.4}% 23
\BOOKMARK [1][-]{section.4.2}{Synopsis}{chapter.4}% 24
\BOOKMARK [1][-]{section.4.3}{Sequencing}{chapter.4}% 25
\BOOKMARK [1][-]{section.4.4}{Page Dimensions \046 Binding Specifications}{chapter.4}% 26
\BOOKMARK [2][-]{subsection.4.4.1}{Page Specification}{section.4.4}% 27
\BOOKMARK [2][-]{subsection.4.4.2}{Thesis Binding}{section.4.4}% 28
\BOOKMARK [2][-]{subsection.4.4.3}{Printing Standard}{section.4.4}% 29
\BOOKMARK [1][-]{section.4.5}{Page Numbers}{chapter.4}% 30
\BOOKMARK [1][-]{section.4.6}{Font}{chapter.4}% 31
\BOOKMARK [1][-]{section.4.7}{Paragraphs}{chapter.4}% 32
\BOOKMARK [1][-]{section.4.8}{Line Spacing}{chapter.4}% 33
\BOOKMARK [1][-]{section.4.9}{Headings}{chapter.4}% 34
\BOOKMARK [0][-]{chapter.5}{Chapter Title}{}% 35
\BOOKMARK [1][-]{section.5.1}{Tables in Thesis}{chapter.5}% 36
\BOOKMARK [1][-]{section.5.2}{Math Equation in Thesis}{chapter.5}% 37
\BOOKMARK [0][-]{chapter.6}{Chapter Title}{}% 38
\BOOKMARK [1][-]{section.6.1}{Figure}{chapter.6}% 39
\BOOKMARK [1][-]{section.6.2}{Graph}{chapter.6}% 40
\BOOKMARK [0][-]{chapter.7}{Chapter Title}{}% 41
\BOOKMARK [1][-]{section.7.1}{Conclusion}{chapter.7}% 42
\BOOKMARK [1][-]{section.7.1}{ \040 \040 \040 \040 \040 REFERENCES}{chapter.7}% 43
\BOOKMARK [1][-]{chapter*.11}{ \040 \040 \040 \040 \040 LIST OF PUBLICATIONS}{chapter.7}% 44
\BOOKMARK [0][-]{Appendix.a.A}{Appendix CHI SQUARE DISTRIBUTION TABLE}{}% 45
\BOOKMARK [0][-]{Appendix.a.B}{Appendix 't' TABLE}{}% 46
